Arguments: 
  /opt/nodejs/node-v10.23.1-linux-x64/bin/node /opt/yarn-v1.22.4/bin/yarn.js add standard-release

PATH: 
  /home/user/.node_modules_global/bin:/extbin/bin:/extbin/npm/docker/bin:/extbin/npm/globals/bin:/usr/local/sbin:/usr/local/bin:/usr/sbin:/usr/bin:/sbin:/bin:/curl/bin

Yarn version: 
  1.22.4

Node version: 
  10.23.1

Platform: 
  linux x64

Trace: 
  Error: https://registry.npmjs.org/standard-release: Not found
      at Request.params.callback [as _callback] (/opt/yarn-v1.22.4/lib/cli.js:66987:18)
      at Request.self.callback (/opt/yarn-v1.22.4/lib/cli.js:140748:22)
      at Request.emit (events.js:198:13)
      at Request.<anonymous> (/opt/yarn-v1.22.4/lib/cli.js:141720:10)
      at Request.emit (events.js:198:13)
      at IncomingMessage.<anonymous> (/opt/yarn-v1.22.4/lib/cli.js:141642:12)
      at Object.onceWrapper (events.js:286:20)
      at IncomingMessage.emit (events.js:203:15)
      at endReadableNT (_stream_readable.js:1145:12)
      at process._tickCallback (internal/process/next_tick.js:63:19)

npm manifest: 
  {
    "name": "Remitos",
    "version": "0.0.2",
    "scripts": {
      "start": "ui5 serve --config=uimodule/ui5.yaml  --open flpSandbox.html",
      "build:ui": "run-s  build:uimodule",
      "test": "run-s lint karma",
      "karma-ci": "karma start karma-ci.conf.js",
      "clearCoverage": "shx rm -rf coverage",
      "karma": "run-s clearCoverage karma-ci",
      "lint": "eslint .",
      "build:mta": "mbt build",
      "deploy:cf": "cross-var cf deploy mta_archives/Remitos_$npm_package_version.mtar",
      "deploy": "run-s build:mta deploy:cf",
      "serve:uimodule": "ui5 serve --config=uimodule/ui5.yaml",
      "build:uimodule": "ui5 build --config=uimodule/ui5.yaml --clean-dest --dest uimodule/dist --include-task=generateManifestBundle"
    },
    "devDependencies": {
      "shx": "^0.3.3",
      "@ui5/cli": "^2.8.1",
      "ui5-middleware-livereload": "^0.5.1",
      "karma": "^6.0.1",
      "karma-chrome-launcher": "^3.1.0",
      "karma-coverage": "^2.0.3",
      "karma-ui5": "^2.3.2",
      "npm-run-all": "^4.1.5",
      "eslint": "^7.18.0",
      "ui5-middleware-cfdestination": "^0.3.1",
      "ui5-task-zipper": "^0.4.2",
      "cross-var": "^1.1.0",
      "mbt": "^1.1.0"
    },
    "ui5": {
      "dependencies": [
        "ui5-middleware-livereload",
        "ui5-middleware-cfdestination",
        "ui5-task-zipper"
      ]
    },
    "dependencies": {
      "@sap/approuter": "^9.1.0",
      "@sap/html5-repo-mock": "^2.0.1"
    }
  }

yarn manifest: 
  No manifest

Lockfile: 
  No lockfile
